#
# There is insufficient memory for the Java Runtime Environment to continue.
# Native memory allocation (malloc) failed to allocate 77594624 bytes for committing reserved memory.
# Possible reasons:
#   The system is out of physical RAM or swap space
#   In 32 bit mode, the process size limit was hit
# Possible solutions:
#   Reduce memory load on the system
#   Increase physical memory or swap space
#   Check if swap backing store is full
#   Use 64 bit Java on a 64 bit OS
#   Decrease Java heap size (-Xmx/-Xms)
#   Decrease number of Java threads
#   Decrease Java thread stack sizes (-Xss)
#   Set larger code cache with -XX:ReservedCodeCacheSize=
# This output file may be truncated or incomplete.
#
#  Out of Memory Error (os_linux.cpp:2756), pid=16706, tid=140696580957952
#
# JRE version: Java(TM) SE Runtime Environment (7.0_80-b15) (build 1.7.0_80-b15)
# Java VM: Java HotSpot(TM) 64-Bit Server VM (24.80-b11 mixed mode linux-amd64 compressed oops)
# Failed to write core dump. Core dumps have been disabled. To enable core dumping, try "ulimit -c unlimited" before starting Java again
#

---------------  T H R E A D  ---------------

Current thread (0x00007ff68006d000):  VMThread [stack: 0x00007ff679aaa000,0x00007ff679bab000] [id=16716]

Stack: [0x00007ff679aaa000,0x00007ff679bab000],  sp=0x00007ff679ba9040,  free space=1020k
Native frames: (J=compiled Java code, j=interpreted, Vv=VM code, C=native code)
V  [libjvm.so+0x9a320a]  VMError::report_and_die()+0x2ea
V  [libjvm.so+0x498d3b]  report_vm_out_of_memory(char const*, int, unsigned long, char const*)+0x9b
V  [libjvm.so+0x82191e]  os::Linux::commit_memory_impl(char*, unsigned long, bool)+0xfe
V  [libjvm.so+0x821e69]  os::pd_commit_memory(char*, unsigned long, unsigned long, bool)+0x29
V  [libjvm.so+0x81bb6a]  os::commit_memory(char*, unsigned long, unsigned long, bool)+0x2a
V  [libjvm.so+0x88d623]  PSVirtualSpace::expand_by(unsigned long)+0x53
V  [libjvm.so+0x88e9f8]  PSYoungGen::resize_generation(unsigned long, unsigned long)+0xf8
V  [libjvm.so+0x88db62]  PSYoungGen::resize(unsigned long, unsigned long)+0x22
V  [libjvm.so+0x88af1d]  PSScavenge::invoke_no_policy()+0xf3d
V  [libjvm.so+0x88b761]  PSScavenge::invoke()+0x41
V  [libjvm.so+0x843f40]  ParallelScavengeHeap::failed_mem_allocate(unsigned long)+0x70
V  [libjvm.so+0x9a4a97]  VM_ParallelGCFailedAllocation::doit()+0x97
V  [libjvm.so+0x9abf35]  VM_Operation::evaluate()+0x55
V  [libjvm.so+0x9aa2fa]  VMThread::evaluate_operation(VM_Operation*)+0xba
V  [libjvm.so+0x9aa67e]  VMThread::loop()+0x1ce
V  [libjvm.so+0x9aaaf0]  VMThread::run()+0x70
V  [libjvm.so+0x8238c8]  java_start(Thread*)+0x108

VM_Operation (0x00007ff643596450): ParallelGCFailedAllocation, mode: safepoint, requested by thread 0x00007ff63800d000


---------------  P R O C E S S  ---------------

Java Threads: ( => current thread )
  0x00007ff62c020800 JavaThread "SpillThread" daemon [_thread_blocked, id=16792, stack(0x00007ff643295000,0x00007ff643396000)]
  0x00007ff62c00c800 JavaThread "communication thread" daemon [_thread_blocked, id=16787, stack(0x00007ff643396000,0x00007ff643497000)]
  0x00007ff63800d000 JavaThread "LocalJobRunner Map Task Executor #0" [_thread_blocked, id=16786, stack(0x00007ff643497000,0x00007ff643598000)]
  0x00007ff680927000 JavaThread "Thread-19" [_thread_blocked, id=16785, stack(0x00007ff6439f5000,0x00007ff643af6000)]
  0x00007ff680855000 JavaThread "org.apache.hadoop.fs.FileSystem$Statistics$StatisticsDataReferenceCleaner" daemon [_thread_blocked, id=16748, stack(0x00007ff643eff000,0x00007ff644000000)]
  0x00007ff6805a8800 JavaThread "process reaper" daemon [_thread_blocked, id=16741, stack(0x00007ff6780fd000,0x00007ff678136000)]
  0x00007ff68054f000 JavaThread "Monitor Ctrl-Break" daemon [_thread_in_native, id=16731, stack(0x00007ff67858f000,0x00007ff678690000)]
  0x00007ff68009c000 JavaThread "Service Thread" daemon [_thread_blocked, id=16728, stack(0x00007ff678dc2000,0x00007ff678ec3000)]
  0x00007ff680099800 JavaThread "C2 CompilerThread1" daemon [_thread_blocked, id=16727, stack(0x00007ff678ec3000,0x00007ff678fc4000)]
  0x00007ff680096800 JavaThread "C2 CompilerThread0" daemon [_thread_blocked, id=16726, stack(0x00007ff678fc4000,0x00007ff6790c5000)]
  0x00007ff680094800 JavaThread "Signal Dispatcher" daemon [_thread_blocked, id=16725, stack(0x00007ff6790c5000,0x00007ff6791c6000)]
  0x00007ff680073800 JavaThread "Finalizer" daemon [_thread_blocked, id=16718, stack(0x00007ff6798a8000,0x00007ff6799a9000)]
  0x00007ff680071800 JavaThread "Reference Handler" daemon [_thread_blocked, id=16717, stack(0x00007ff6799a9000,0x00007ff679aaa000)]
  0x00007ff68000d800 JavaThread "main" [_thread_blocked, id=16707, stack(0x00007ff687669000,0x00007ff68776a000)]

Other Threads:
=>0x00007ff68006d000 VMThread [stack: 0x00007ff679aaa000,0x00007ff679bab000] [id=16716]
  0x00007ff68009e800 WatcherThread [stack: 0x00007ff678cc1000,0x00007ff678dc2000] [id=16729]

VM state:at safepoint (normal execution)

VM Mutex/Monitor currently owned by a thread:  ([mutex/lock_event])
[0x00007ff680009a80] Threads_lock - owner thread: 0x00007ff68006d000
[0x00007ff680009f80] Heap_lock - owner thread: 0x00007ff63800d000

Heap
 PSYoungGen      total 132096K, used 128K [0x00000000eb800000, 0x00000000f3f00000, 0x0000000100000000)
  eden space 126464K, 0% used [0x00000000eb800000,0x00000000eb800000,0x00000000f3380000)
  from space 5632K, 2% used [0x00000000f3380000,0x00000000f33a0000,0x00000000f3900000)
  to   space 5120K, 0% used [0x00000000f3900000,0x00000000f3900000,0x00000000f3e00000)
 ParOldGen       total 144896K, used 110483K [0x00000000c2800000, 0x00000000cb580000, 0x00000000eb800000)
  object space 144896K, 76% used [0x00000000c2800000,0x00000000c93e4dd0,0x00000000cb580000)
 PSPermGen       total 21504K, used 16855K [0x00000000bd600000, 0x00000000beb00000, 0x00000000c2800000)
  object space 21504K, 78% used [0x00000000bd600000,0x00000000be675eb8,0x00000000beb00000)

Card table byte_map: [0x00007ff68473d000,0x00007ff684953000] byte_map_base: 0x00007ff684152000

Polling page: 0x00007ff687782000

Code Cache  [0x00007ff67d000000, 0x00007ff67d270000, 0x00007ff680000000)
 total_blobs=844 nmethods=494 adapters=303 free_code_cache=47651Kb largest_free_block=48738048

Compilation events (10 events):
Event: 4.278 Thread 0x00007ff680096800 nmethod 499 0x00007ff67d173c90 code [0x00007ff67d173de0, 0x00007ff67d173e78]
Event: 4.278 Thread 0x00007ff680096800  501             org.apache.hadoop.mapreduce.lib.input.LineRecordReader::getCurrentValue (5 bytes)
Event: 4.278 Thread 0x00007ff680099800 nmethod 500 0x00007ff67d173a50 code [0x00007ff67d173b80, 0x00007ff67d173bd8]
Event: 4.278 Thread 0x00007ff680099800  502             com.mapreduce.WeiboRelation$RelationMapper::map (11 bytes)
Event: 4.278 Thread 0x00007ff680096800 nmethod 501 0x00007ff67d175fd0 code [0x00007ff67d176100, 0x00007ff67d176158]
Event: 4.278 Thread 0x00007ff680096800  503             com.mapreduce.WeiboRelation$RelationMapper::map (58 bytes)
Event: 4.289 Thread 0x00007ff680099800 nmethod 502 0x00007ff67d183050 code [0x00007ff67d1832e0, 0x00007ff67d183c50]
Event: 4.289 Thread 0x00007ff680099800  504 % !         org.apache.hadoop.mapreduce.Mapper::run @ 5 (45 bytes)
Event: 4.289 Thread 0x00007ff680096800 nmethod 503 0x00007ff67d09b5d0 code [0x00007ff67d09b840, 0x00007ff67d09c170]
Event: 4.293 Thread 0x00007ff680099800 nmethod 504% 0x00007ff67d175910 code [0x00007ff67d175aa0, 0x00007ff67d175cb8]

GC Heap History (10 events):
Event: 2.690 GC heap after
Heap after GC invocations=4 (full 0):
 PSYoungGen      total 34304K, used 2544K [0x00000000eb800000, 0x00000000edc00000, 0x0000000100000000)
  eden space 31744K, 0% used [0x00000000eb800000,0x00000000eb800000,0x00000000ed700000)
  from space 2560K, 99% used [0x00000000ed980000,0x00000000edbfc010,0x00000000edc00000)
  to   space 2560K, 0% used [0x00000000ed700000,0x00000000ed700000,0x00000000ed980000)
 ParOldGen       total 41984K, used 3587K [0x00000000c2800000, 0x00000000c5100000, 0x00000000eb800000)
  object space 41984K, 8% used [0x00000000c2800000,0x00000000c2b80d28,0x00000000c5100000)
 PSPermGen       total 21504K, used 14425K [0x00000000bd600000, 0x00000000beb00000, 0x00000000c2800000)
  object space 21504K, 67% used [0x00000000bd600000,0x00000000be4165e8,0x00000000beb00000)
}
Event: 3.419 GC heap before
{Heap before GC invocations=5 (full 0):
 PSYoungGen      total 34304K, used 34288K [0x00000000eb800000, 0x00000000edc00000, 0x0000000100000000)
  eden space 31744K, 100% used [0x00000000eb800000,0x00000000ed700000,0x00000000ed700000)
  from space 2560K, 99% used [0x00000000ed980000,0x00000000edbfc010,0x00000000edc00000)
  to   space 2560K, 0% used [0x00000000ed700000,0x00000000ed700000,0x00000000ed980000)
 ParOldGen       total 41984K, used 3587K [0x00000000c2800000, 0x00000000c5100000, 0x00000000eb800000)
  object space 41984K, 8% used [0x00000000c2800000,0x00000000c2b80d28,0x00000000c5100000)
 PSPermGen       total 21504K, used 16172K [0x00000000bd600000, 0x00000000beb00000, 0x00000000c2800000)
  object space 21504K, 75% used [0x00000000bd600000,0x00000000be5cb280,0x00000000beb00000)
Event: 3.426 GC heap after
Heap after GC invocations=5 (full 0):
 PSYoungGen      total 34304K, used 2558K [0x00000000eb800000, 0x00000000f0000000, 0x0000000100000000)
  eden space 31744K, 0% used [0x00000000eb800000,0x00000000eb800000,0x00000000ed700000)
  from space 2560K, 99% used [0x00000000ed700000,0x00000000ed97f9a8,0x00000000ed980000)
  to   space 5120K, 0% used [0x00000000efb00000,0x00000000efb00000,0x00000000f0000000)
 ParOldGen       total 41984K, used 5491K [0x00000000c2800000, 0x00000000c5100000, 0x00000000eb800000)
  object space 41984K, 13% used [0x00000000c2800000,0x00000000c2d5cce0,0x00000000c5100000)
 PSPermGen       total 21504K, used 16172K [0x00000000bd600000, 0x00000000beb00000, 0x00000000c2800000)
  object space 21504K, 75% used [0x00000000bd600000,0x00000000be5cb280,0x00000000beb00000)
}
Event: 4.150 GC heap before
{Heap before GC invocations=6 (full 0):
 PSYoungGen      total 34304K, used 34302K [0x00000000eb800000, 0x00000000f0000000, 0x0000000100000000)
  eden space 31744K, 100% used [0x00000000eb800000,0x00000000ed700000,0x00000000ed700000)
  from space 2560K, 99% used [0x00000000ed700000,0x00000000ed97f9a8,0x00000000ed980000)
  to   space 5120K, 0% used [0x00000000efb00000,0x00000000efb00000,0x00000000f0000000)
 ParOldGen       total 144896K, used 107891K [0x00000000c2800000, 0x00000000cb580000, 0x00000000eb800000)
  object space 144896K, 74% used [0x00000000c2800000,0x00000000c915ccf0,0x00000000cb580000)
 PSPermGen       total 21504K, used 16813K [0x00000000bd600000, 0x00000000beb00000, 0x00000000c2800000)
  object space 21504K, 78% used [0x00000000bd600000,0x00000000be66b658,0x00000000beb00000)
Event: 4.259 GC heap after
Heap after GC invocations=6 (full 0):
 PSYoungGen      total 68608K, used 3132K [0x00000000eb800000, 0x00000000f0000000, 0x0000000100000000)
  eden space 63488K, 0% used [0x00000000eb800000,0x00000000eb800000,0x00000000ef600000)
  from space 5120K, 61% used [0x00000000efb00000,0x00000000efe0f238,0x00000000f0000000)
  to   space 5120K, 0% used [0x00000000ef600000,0x00000000ef600000,0x00000000efb00000)
 ParOldGen       total 144896K, used 107899K [0x00000000c2800000, 0x00000000cb580000, 0x00000000eb800000)
  object space 144896K, 74% used [0x00000000c2800000,0x00000000c915ecf0,0x00000000cb580000)
 PSPermGen       total 21504K, used 16813K [0x00000000bd600000, 0x00000000beb00000, 0x00000000c2800000)
  object space 21504K, 78% used [0x00000000bd600000,0x00000000be66b658,0x00000000beb00000)
}
Event: 4.357 GC heap before
{Heap before GC invocations=7 (full 0):
 PSYoungGen      total 68608K, used 66620K [0x00000000eb800000, 0x00000000f0000000, 0x0000000100000000)
  eden space 63488K, 100% used [0x00000000eb800000,0x00000000ef600000,0x00000000ef600000)
  from space 5120K, 61% used [0x00000000efb00000,0x00000000efe0f238,0x00000000f0000000)
  to   space 5120K, 0% used [0x00000000ef600000,0x00000000ef600000,0x00000000efb00000)
 ParOldGen       total 144896K, used 107899K [0x00000000c2800000, 0x00000000cb580000, 0x00000000eb800000)
  object space 144896K, 74% used [0x00000000c2800000,0x00000000c915ecf0,0x00000000cb580000)
 PSPermGen       total 21504K, used 16813K [0x00000000bd600000, 0x00000000beb00000, 0x00000000c2800000)
  object space 21504K, 78% used [0x00000000bd600000,0x00000000be66b6f8,0x00000000beb00000)
Event: 4.367 GC heap after
Heap after GC invocations=7 (full 0):
 PSYoungGen      total 68608K, used 1248K [0x00000000eb800000, 0x00000000f3e00000, 0x0000000100000000)
  eden space 63488K, 0% used [0x00000000eb800000,0x00000000eb800000,0x00000000ef600000)
  from space 5120K, 24% used [0x00000000ef600000,0x00000000ef738000,0x00000000efb00000)
  to   space 5120K, 0% used [0x00000000f3900000,0x00000000f3900000,0x00000000f3e00000)
 ParOldGen       total 144896K, used 109237K [0x00000000c2800000, 0x00000000cb580000, 0x00000000eb800000)
  object space 144896K, 75% used [0x00000000c2800000,0x00000000c92ad4d8,0x00000000cb580000)
 PSPermGen       total 21504K, used 16813K [0x00000000bd600000, 0x00000000beb00000, 0x00000000c2800000)
  object space 21504K, 78% used [0x00000000bd600000,0x00000000be66b6f8,0x00000000beb00000)
}
Event: 4.436 GC heap before
{Heap before GC invocations=8 (full 0):
 PSYoungGen      total 68608K, used 64736K [0x00000000eb800000, 0x00000000f3e00000, 0x0000000100000000)
  eden space 63488K, 100% used [0x00000000eb800000,0x00000000ef600000,0x00000000ef600000)
  from space 5120K, 24% used [0x00000000ef600000,0x00000000ef738000,0x00000000efb00000)
  to   space 5120K, 0% used [0x00000000f3900000,0x00000000f3900000,0x00000000f3e00000)
 ParOldGen       total 144896K, used 109237K [0x00000000c2800000, 0x00000000cb580000, 0x00000000eb800000)
  object space 144896K, 75% used [0x00000000c2800000,0x00000000c92ad4d8,0x00000000cb580000)
 PSPermGen       total 21504K, used 16855K [0x00000000bd600000, 0x00000000beb00000, 0x00000000c2800000)
  object space 21504K, 78% used [0x00000000bd600000,0x00000000be675eb8,0x00000000beb00000)
Event: 4.448 GC heap after
Heap after GC invocations=8 (full 0):
 PSYoungGen      total 131584K, used 672K [0x00000000eb800000, 0x00000000f3f00000, 0x0000000100000000)
  eden space 126464K, 0% used [0x00000000eb800000,0x00000000eb800000,0x00000000f3380000)
  from space 5120K, 13% used [0x00000000f3900000,0x00000000f39a8000,0x00000000f3e00000)
  to   space 5632K, 0% used [0x00000000f3380000,0x00000000f3380000,0x00000000f3900000)
 ParOldGen       total 144896K, used 109901K [0x00000000c2800000, 0x00000000cb580000, 0x00000000eb800000)
  object space 144896K, 75% used [0x00000000c2800000,0x00000000c9353580,0x00000000cb580000)
 PSPermGen       total 21504K, used 16855K [0x00000000bd600000, 0x00000000beb00000, 0x00000000c2800000)
  object space 21504K, 78% used [0x00000000bd600000,0x00000000be675eb8,0x00000000beb00000)
}
Event: 4.657 GC heap before
{Heap before GC invocations=9 (full 0):
 PSYoungGen      total 131584K, used 127136K [0x00000000eb800000, 0x00000000f3f00000, 0x0000000100000000)
  eden space 126464K, 100% used [0x00000000eb800000,0x00000000f3380000,0x00000000f3380000)
  from space 5120K, 13% used [0x00000000f3900000,0x00000000f39a8000,0x00000000f3e00000)
  to   space 5632K, 0% used [0x00000000f3380000,0x00000000f3380000,0x00000000f3900000)
 ParOldGen       total 144896K, used 109901K [0x00000000c2800000, 0x00000000cb580000, 0x00000000eb800000)
  object space 144896K, 75% used [0x00000000c2800000,0x00000000c9353580,0x00000000cb580000)
 PSPermGen       total 21504K, used 16855K [0x00000000bd600000, 0x00000000beb00000, 0x00000000c2800000)
  object space 21504K, 78% used [0x00000000bd600000,0x00000000be675eb8,0x00000000beb00000)

Deoptimization events (10 events):
Event: 3.381 Thread 0x00007ff68000d800 Uncommon trap: reason=bimorphic action=maybe_recompile pc=0x00007ff67d0d47bc method=java.net.URL.<init>(Ljava/net/URL;Ljava/lang/String;Ljava/net/URLStreamHandler;)V @ 504
Event: 3.385 Thread 0x00007ff680927000 Uncommon trap: reason=unstable_if action=reinterpret pc=0x00007ff67d0bd0dc method=java.lang.AbstractStringBuilder.append(Ljava/lang/String;)Ljava/lang/AbstractStringBuilder; @ 1
Event: 3.491 Thread 0x00007ff63800d000 Uncommon trap: reason=unstable_if action=reinterpret pc=0x00007ff67d06b03c method=java.lang.String.replace(CC)Ljava/lang/String; @ 26
Event: 3.737 Thread 0x00007ff63800d000 Uncommon trap: reason=unstable_if action=reinterpret pc=0x00007ff67d0cbd34 method=java.util.concurrent.locks.AbstractQueuedSynchronizer.release(I)Z @ 14
Event: 3.888 Thread 0x00007ff63800d000 Uncommon trap: reason=unstable_if action=reinterpret pc=0x00007ff67d128d74 method=org.apache.hadoop.util.LineReader.readDefaultLine(Lorg/apache/hadoop/io/Text;II)I @ 229
Event: 3.907 Thread 0x00007ff63800d000 Uncommon trap: reason=predicate action=maybe_recompile pc=0x00007ff67d152188 method=java.util.AbstractCollection.toArray([Ljava/lang/Object;)[Ljava/lang/Object; @ 49
Event: 3.930 Thread 0x00007ff63800d000 Uncommon trap: reason=array_check action=maybe_recompile pc=0x00007ff67d155ef8 method=java.util.AbstractCollection.toArray([Ljava/lang/Object;)[Ljava/lang/Object; @ 119
Event: 3.930 Thread 0x00007ff63800d000 Uncommon trap: reason=array_check action=maybe_recompile pc=0x00007ff67d155ef8 method=java.util.AbstractCollection.toArray([Ljava/lang/Object;)[Ljava/lang/Object; @ 119
Event: 3.930 Thread 0x00007ff63800d000 Uncommon trap: reason=array_check action=maybe_recompile pc=0x00007ff67d155ef8 method=java.util.AbstractCollection.toArray([Ljava/lang/Object;)[Ljava/lang/Object; @ 119
Event: 3.930 Thread 0x00007ff63800d000 Uncommon trap: reason=array_check action=maybe_recompile pc=0x00007ff67d155ef8 method=java.util.AbstractCollection.toArray([Ljava/lang/Object;)[Ljava/lang/Object; @ 119

Internal exceptions (10 events):
Event: 3.736 Thread 0x00007ff63800d000 Threw 0x00000000ebe8a990 at /HUDSON/workspace/7u-2-build-linux-amd64/jdk7u80/2329/hotspot/src/share/vm/prims/jvm.cpp:1319
Event: 3.737 Thread 0x00007ff63800d000 Threw 0x00000000ebe91490 at /HUDSON/workspace/7u-2-build-linux-amd64/jdk7u80/2329/hotspot/src/share/vm/prims/jvm.cpp:1319
Event: 3.738 Thread 0x00007ff63800d000 Threw 0x00000000ebe97f98 at /HUDSON/workspace/7u-2-build-linux-amd64/jdk7u80/2329/hotspot/src/share/vm/prims/jvm.cpp:1319
Event: 3.738 Thread 0x00007ff63800d000 Threw 0x00000000ebe9f4c8 at /HUDSON/workspace/7u-2-build-linux-amd64/jdk7u80/2329/hotspot/src/share/vm/prims/jvm.cpp:1319
Event: 3.739 Thread 0x00007ff63800d000 Threw 0x00000000ebea4750 at /HUDSON/workspace/7u-2-build-linux-amd64/jdk7u80/2329/hotspot/src/share/vm/prims/jvm.cpp:1319
Event: 3.740 Thread 0x00007ff63800d000 Threw 0x00000000ebea8998 at /HUDSON/workspace/7u-2-build-linux-amd64/jdk7u80/2329/hotspot/src/share/vm/prims/jvm.cpp:1319
Event: 3.742 Thread 0x00007ff63800d000 Threw 0x00000000ebebd188 at /HUDSON/workspace/7u-2-build-linux-amd64/jdk7u80/2329/hotspot/src/share/vm/prims/jvm.cpp:1319
Event: 4.391 Thread 0x00007ff68000d800 Threw 0x00000000ec7e90d8 at /HUDSON/workspace/7u-2-build-linux-amd64/jdk7u80/2329/hotspot/src/share/vm/prims/jvm.cpp:1319
Event: 4.393 Thread 0x00007ff68000d800 Threw 0x00000000ec7edaa0 at /HUDSON/workspace/7u-2-build-linux-amd64/jdk7u80/2329/hotspot/src/share/vm/prims/jvm.cpp:1319
Event: 4.394 Thread 0x00007ff68000d800 Threw 0x00000000ec7f51d0 at /HUDSON/workspace/7u-2-build-linux-amd64/jdk7u80/2329/hotspot/src/share/vm/prims/jvm.cpp:1319

Events (10 events):
Event: 4.458 Executing VM operation: RevokeBias done
Event: 4.459 Executing VM operation: RevokeBias
Event: 4.459 Executing VM operation: RevokeBias done
Event: 4.459 Executing VM operation: RevokeBias
Event: 4.459 Executing VM operation: RevokeBias done
Event: 4.460 Executing VM operation: RevokeBias
Event: 4.460 Executing VM operation: RevokeBias done
Event: 4.460 Executing VM operation: RevokeBias
Event: 4.460 Executing VM operation: RevokeBias done
Event: 4.650 Executing VM operation: ParallelGCFailedAllocation


Dynamic libraries:
00400000-00401000 r-xp 00000000 08:01 418273                             /usr/lib/jvm/java-7-oracle/bin/java
00600000-00601000 rw-p 00000000 08:01 418273                             /usr/lib/jvm/java-7-oracle/bin/java
00f31000-00f52000 rw-p 00000000 00:00 0                                  [heap]
bd600000-beb00000 rw-p 00000000 00:00 0 
beb00000-c2800000 rw-p 00000000 00:00 0 
c2800000-cb580000 rw-p 00000000 00:00 0 
cb580000-eb800000 rw-p 00000000 00:00 0 
eb800000-f3f00000 rw-p 00000000 00:00 0 
f8900000-100000000 rw-p 00000000 00:00 0 
7ff624000000-7ff624021000 rw-p 00000000 00:00 0 
7ff624021000-7ff628000000 ---p 00000000 00:00 0 
7ff62c000000-7ff62c029000 rw-p 00000000 00:00 0 
7ff62c029000-7ff630000000 ---p 00000000 00:00 0 
7ff630000000-7ff630021000 rw-p 00000000 00:00 0 
7ff630021000-7ff634000000 ---p 00000000 00:00 0 
7ff634000000-7ff634021000 rw-p 00000000 00:00 0 
7ff634021000-7ff638000000 ---p 00000000 00:00 0 
7ff638000000-7ff638021000 rw-p 00000000 00:00 0 
7ff638021000-7ff63c000000 ---p 00000000 00:00 0 
7ff63c000000-7ff63c021000 rw-p 00000000 00:00 0 
7ff63c021000-7ff640000000 ---p 00000000 00:00 0 
7ff643295000-7ff643298000 ---p 00000000 00:00 0 
7ff643298000-7ff643396000 rw-p 00000000 00:00 0 
7ff643396000-7ff643399000 ---p 00000000 00:00 0 
7ff643399000-7ff643497000 rw-p 00000000 00:00 0 
7ff643497000-7ff64349a000 ---p 00000000 00:00 0 
7ff64349a000-7ff643598000 rw-p 00000000 00:00 0 
7ff643598000-7ff6435ae000 r-xp 00000000 08:01 660372                     /lib/x86_64-linux-gnu/libgcc_s.so.1
7ff6435ae000-7ff6437ad000 ---p 00016000 08:01 660372                     /lib/x86_64-linux-gnu/libgcc_s.so.1
7ff6437ad000-7ff6437ae000 rw-p 00015000 08:01 660372                     /lib/x86_64-linux-gnu/libgcc_s.so.1
7ff6437ae000-7ff6437e0000 r-xp 00000000 08:01 553333                     /usr/lib/jvm/java-7-oracle/jre/lib/amd64/libsunec.so
7ff6437e0000-7ff6439df000 ---p 00032000 08:01 553333                     /usr/lib/jvm/java-7-oracle/jre/lib/amd64/libsunec.so
7ff6439df000-7ff6439e5000 rw-p 00031000 08:01 553333                     /usr/lib/jvm/java-7-oracle/jre/lib/amd64/libsunec.so
7ff6439e5000-7ff6439f5000 rw-p 00000000 00:00 0 
7ff6439f5000-7ff6439f8000 ---p 00000000 00:00 0 
7ff6439f8000-7ff643af6000 rw-p 00000000 00:00 0 
7ff643af6000-7ff643af7000 r-xp 00000000 08:01 553359                     /usr/lib/jvm/java-7-oracle/jre/lib/amd64/libjaas_unix.so
7ff643af7000-7ff643cf6000 ---p 00001000 08:01 553359                     /usr/lib/jvm/java-7-oracle/jre/lib/amd64/libjaas_unix.so
7ff643cf6000-7ff643cf7000 rw-p 00000000 08:01 553359                     /usr/lib/jvm/java-7-oracle/jre/lib/amd64/libjaas_unix.so
7ff643cf7000-7ff643cff000 r-xp 00000000 08:01 553367                     /usr/lib/jvm/java-7-oracle/jre/lib/amd64/libmanagement.so
7ff643cff000-7ff643efe000 ---p 00008000 08:01 553367                     /usr/lib/jvm/java-7-oracle/jre/lib/amd64/libmanagement.so
7ff643efe000-7ff643eff000 rw-p 00007000 08:01 553367                     /usr/lib/jvm/java-7-oracle/jre/lib/amd64/libmanagement.so
7ff643eff000-7ff643f02000 ---p 00000000 00:00 0 
7ff643f02000-7ff644000000 rw-p 00000000 00:00 0 
7ff644000000-7ff644021000 rw-p 00000000 00:00 0 
7ff644021000-7ff648000000 ---p 00000000 00:00 0 
7ff648000000-7ff648021000 rw-p 00000000 00:00 0 
7ff648021000-7ff64c000000 ---p 00000000 00:00 0 
7ff64c000000-7ff64cba8000 rw-p 00000000 00:00 0 
7ff64cba8000-7ff650000000 ---p 00000000 00:00 0 
7ff650000000-7ff6514e7000 rw-p 00000000 00:00 0 
7ff6514e7000-7ff654000000 ---p 00000000 00:00 0 
7ff654000000-7ff654021000 rw-p 00000000 00:00 0 
7ff654021000-7ff658000000 ---p 00000000 00:00 0 
7ff658000000-7ff658021000 rw-p 00000000 00:00 0 
7ff658021000-7ff65c000000 ---p 00000000 00:00 0 
7ff65c000000-7ff65c24e000 rw-p 00000000 00:00 0 
7ff65c24e000-7ff660000000 ---p 00000000 00:00 0 
7ff660000000-7ff660021000 rw-p 00000000 00:00 0 
7ff660021000-7ff664000000 ---p 00000000 00:00 0 
7ff664000000-7ff664021000 rw-p 00000000 00:00 0 
7ff664021000-7ff668000000 ---p 00000000 00:00 0 
7ff668000000-7ff668021000 rw-p 00000000 00:00 0 
7ff668021000-7ff66c000000 ---p 00000000 00:00 0 
7ff66c000000-7ff66c021000 rw-p 00000000 00:00 0 
7ff66c021000-7ff670000000 ---p 00000000 00:00 0 
7ff670000000-7ff670021000 rw-p 00000000 00:00 0 
7ff670021000-7ff674000000 ---p 00000000 00:00 0 
7ff674000000-7ff674021000 rw-p 00000000 00:00 0 
7ff674021000-7ff678000000 ---p 00000000 00:00 0 
7ff6780e1000-7ff6780e2000 rw-p 00000000 00:00 0 
7ff6780e2000-7ff6780ed000 r--s 0037c000 08:01 418139                     /usr/lib/jvm/java-7-oracle/jre/lib/charsets.jar
7ff6780ed000-7ff6780f1000 r--s 0002d000 08:01 418132                     /usr/lib/jvm/java-7-oracle/jre/lib/ext/sunjce_provider.jar
7ff6780f1000-7ff6780f5000 r--s 00037000 08:01 418131                     /usr/lib/jvm/java-7-oracle/jre/lib/ext/sunpkcs11.jar
7ff6780f5000-7ff6780f6000 r--s 00003000 08:01 418127                     /usr/lib/jvm/java-7-oracle/jre/lib/ext/sunec.jar
7ff6780f6000-7ff6780f9000 r--s 00019000 08:01 418232                     /usr/lib/jvm/java-7-oracle/jre/lib/jce.jar
7ff6780f9000-7ff6780fd000 r--s 0008b000 08:01 418140                     /usr/lib/jvm/java-7-oracle/jre/lib/jsse.jar
7ff6780fd000-7ff678100000 ---p 00000000 00:00 0 
7ff678100000-7ff678136000 rw-p 00000000 00:00 0 
7ff678136000-7ff678146000 r-xp 00000000 08:01 553321                     /usr/lib/jvm/java-7-oracle/jre/lib/amd64/libnio.so
7ff678146000-7ff678346000 ---p 00010000 08:01 553321                     /usr/lib/jvm/java-7-oracle/jre/lib/amd64/libnio.so
7ff678346000-7ff678347000 rw-p 00010000 08:01 553321                     /usr/lib/jvm/java-7-oracle/jre/lib/amd64/libnio.so
7ff678347000-7ff678378000 rw-p 00000000 00:00 0 
7ff678378000-7ff67838f000 r-xp 00000000 08:01 553340                     /usr/lib/jvm/java-7-oracle/jre/lib/amd64/libnet.so
7ff67838f000-7ff67858e000 ---p 00017000 08:01 553340                     /usr/lib/jvm/java-7-oracle/jre/lib/amd64/libnet.so
7ff67858e000-7ff67858f000 rw-p 00016000 08:01 553340                     /usr/lib/jvm/java-7-oracle/jre/lib/amd64/libnet.so
7ff67858f000-7ff678592000 ---p 00000000 00:00 0 
7ff678592000-7ff678690000 rw-p 00000000 00:00 0 
7ff678690000-7ff678691000 r-xp 00000000 08:01 438223                     /usr/local/idea/bin/libbreakgen64.so
7ff678691000-7ff678890000 ---p 00001000 08:01 438223                     /usr/local/idea/bin/libbreakgen64.so
7ff678890000-7ff678891000 r--p 00000000 08:01 438223                     /usr/local/idea/bin/libbreakgen64.so
7ff678891000-7ff678892000 rw-p 00001000 08:01 438223                     /usr/local/idea/bin/libbreakgen64.so
7ff678892000-7ff678894000 r--s 00019000 08:01 407306                     /usr/local/idea/lib/idea_rt.jar
7ff678894000-7ff6788a6000 r--s 00097000 08:01 813503                     /usr/local/hadoop/share/hadoop/common/lib/apacheds-kerberos-codec-2.0.0-M15.jar
7ff6788a6000-7ff6788bf000 r--s 00150000 08:01 813513                     /usr/local/hadoop/share/hadoop/common/lib/htrace-core-3.1.0-incubating.jar
7ff6788bf000-7ff6788c3000 r--s 0002f000 08:01 813492                     /usr/local/hadoop/share/hadoop/common/lib/commons-beanutils-core-1.8.0.jar
7ff6788c3000-7ff6788d1000 r--s 000b1000 08:01 813478                     /usr/local/hadoop/share/hadoop/common/lib/jackson-mapper-asl-1.9.13.jar
7ff6788d1000-7ff6788d7000 r--s 00043000 08:01 813489                     /usr/local/hadoop/share/hadoop/common/lib/commons-configuration-1.6.jar
7ff6788d7000-7ff6788e4000 r--s 00083000 08:01 813528                     /usr/local/hadoop/share/hadoop/common/lib/commons-collections-3.2.2.jar
7ff6788e4000-7ff6788e5000 r--s 00009000 08:01 813517                     /usr/local/hadoop/share/hadoop/common/lib/hadoop-annotations-2.7.3.jar
7ff6788e5000-7ff6788e9000 r--s 00035000 08:01 813477                     /usr/local/hadoop/share/hadoop/common/lib/jackson-core-asl-1.9.13.jar
7ff6788e9000-7ff6788ef000 r--s 00028000 08:01 813509                     /usr/local/hadoop/share/hadoop/common/lib/curator-framework-2.7.1.jar
7ff6788ef000-7ff6788f4000 r--s 0002a000 08:01 813491                     /usr/local/hadoop/share/hadoop/common/lib/commons-beanutils-1.7.0.jar
7ff6788f4000-7ff6788f5000 r--s 0000a000 08:01 813504                     /usr/local/hadoop/share/hadoop/common/lib/apacheds-i18n-2.0.0-M15.jar
7ff6788f5000-7ff6788fb000 r--s 00045000 08:01 813523                     /usr/local/hadoop/share/hadoop/common/lib/commons-httpclient-3.1.jar
7ff6788fb000-7ff678900000 r--s 00036000 08:01 813498                     /usr/local/hadoop/share/hadoop/common/lib/commons-compress-1.4.1.jar
7ff678900000-7ff678902000 r--s 00003000 08:01 813505                     /usr/local/hadoop/share/hadoop/common/lib/api-asn1-api-1.0.0-M20.jar
7ff678902000-7ff67890a000 r--s 0003b000 08:01 813512                     /usr/local/hadoop/share/hadoop/common/lib/curator-recipes-2.7.1.jar
7ff67890a000-7ff67890c000 r--s 0000e000 08:01 813524                     /usr/local/hadoop/share/hadoop/common/lib/commons-logging-1.1.3.jar
7ff67890c000-7ff67890e000 r--s 00001000 08:01 813494                     /usr/local/hadoop/share/hadoop/common/lib/slf4j-log4j12-1.7.10.jar
7ff67890e000-7ff67890f000 r--s 00004000 08:01 813479                     /usr/local/hadoop/share/hadoop/common/lib/jackson-jaxrs-1.9.13.jar
7ff67890f000-7ff678911000 r--s 0000f000 08:01 813510                     /usr/local/hadoop/share/hadoop/common/lib/curator-client-2.7.1.jar
7ff678911000-7ff678915000 r--s 00020000 08:01 813490                     /usr/local/hadoop/share/hadoop/common/lib/commons-digester-1.8.jar
7ff678915000-7ff678917000 r--s 000f2000 08:01 813497                     /usr/local/hadoop/share/hadoop/common/lib/snappy-java-1.0.4.1.jar
7ff678917000-7ff67891f000 r--s 0007b000 08:01 813500                     /usr/local/hadoop/share/hadoop/common/lib/protobuf-java-2.5.0.jar
7ff67891f000-7ff678920000 r--s 00004000 08:01 813487                     /usr/local/hadoop/share/hadoop/common/lib/java-xmlbuilder-0.4.jar
7ff678920000-7ff67893d000 r--s 0016a000 08:01 813521                     /usr/local/hadoop/share/hadoop/common/lib/commons-math3-3.1.1.jar
7ff67893d000-7ff67893f000 r--s 00012000 08:01 813506                     /usr/local/hadoop/share/hadoop/common/lib/api-util-1.0.0-M20.jar
7ff67893f000-7ff678956000 r--s 0010e000 08:01 813508                     /usr/local/hadoop/share/hadoop/common/lib/netty-3.6.2.Final.jar
7ff678956000-7ff678973000 r--s 0013e000 08:01 813516                     /usr/local/hadoop/share/hadoop/common/lib/mockito-all-1.8.5.jar
7ff678973000-7ff678977000 r--s 00028000 08:01 813531                     /usr/local/hadoop/share/hadoop/common/lib/jetty-util-6.1.26.jar
7ff678977000-7ff678989000 r--s 0009d000 08:01 813481                     /usr/local/hadoop/share/hadoop/common/lib/jersey-server-1.9.jar
7ff678989000-7ff67899c000 r--s 000c7000 08:01 813473                     /usr/local/hadoop/share/hadoop/common/lib/jaxb-impl-2.2.3-1.jar
7ff67899c000-7ff67899d000 r--s 00006000 08:01 813480                     /usr/local/hadoop/share/hadoop/common/lib/jackson-xc-1.9.13.jar
7ff67899d000-7ff67899f000 r--s 00009000 08:01 813515                     /usr/local/hadoop/share/hadoop/common/lib/hamcrest-core-1.3.jar
7ff67899f000-7ff6789a1000 r--s 00015000 08:01 813502                     /usr/local/hadoop/share/hadoop/common/lib/hadoop-auth-2.7.3.jar
7ff6789a1000-7ff6789a3000 r--s 0000d000 08:01 813525                     /usr/local/hadoop/share/hadoop/common/lib/commons-codec-1.4.jar
7ff6789a3000-7ff6789a4000 r--s 00007000 08:01 813493                     /usr/local/hadoop/share/hadoop/common/lib/slf4j-api-1.7.10.jar
7ff6789a4000-7ff6789ad000 r--s 00061000 08:01 813485                     /usr/local/hadoop/share/hadoop/common/lib/httpclient-4.2.5.jar
7ff6789ad000-7ff6789b2000 r--s 00041000 08:01 813488                     /usr/local/hadoop/share/hadoop/common/lib/commons-lang-2.6.jar
7ff6789b2000-7ff6789be000 r--s 000b6000 08:01 813507                     /usr/local/hadoop/share/hadoop/common/lib/zookeeper-3.4.6.jar
7ff6789be000-7ff6789c0000 r--s 00018000 08:01 813529                     /usr/local/hadoop/share/hadoop/common/lib/servlet-api-2.5.jar
7ff6789c0000-7ff6789c4000 r--s 00021000 08:01 813534                     /usr/local/hadoop/share/hadoop/common/lib/jersey-json-1.9.jar
7ff6789c4000-7ff6789ce000 r--s 00066000 08:01 813533                     /usr/local/hadoop/share/hadoop/common/lib/jersey-core-1.9.jar
7ff6789ce000-7ff6789d3000 r--s 0003e000 08:01 813527                     /usr/local/hadoop/share/hadoop/common/lib/commons-net-3.1.jar
7ff6789d3000-7ff6789d5000 r--s 00009000 08:01 813520                     /usr/local/hadoop/share/hadoop/common/lib/commons-cli-1.2.jar
7ff6789d5000-7ff6789d7000 r--s 00004000 08:01 813475                     /usr/local/hadoop/share/hadoop/common/lib/stax-api-1.0-2.jar
7ff6789d7000-7ff6789da000 r--s 00017000 08:01 813474                     /usr/local/hadoop/share/hadoop/common/lib/jaxb-api-2.2.2.jar
7ff6789da000-7ff6789e0000 r--s 00032000 08:01 813486                     /usr/local/hadoop/share/hadoop/common/lib/httpcore-4.2.5.jar
7ff6789e0000-7ff6789e4000 r--s 0002a000 08:01 813526                     /usr/local/hadoop/share/hadoop/common/lib/commons-io-2.4.jar
7ff6789e4000-7ff6789e6000 r--s 0000e000 08:01 813476                     /usr/local/hadoop/share/hadoop/common/lib/activation-1.1.jar
7ff6789e6000-7ff6789e8000 r--s 00006000 08:01 813496                     /usr/local/hadoop/share/hadoop/common/lib/paranamer-2.3.jar
7ff6789e8000-7ff6789f1000 r--s 0006f000 08:01 813483                     /usr/local/hadoop/share/hadoop/common/lib/log4j-1.2.17.jar
7ff6789f1000-7ff6789f4000 r--s 00006000 08:01 813519                     /usr/local/hadoop/share/hadoop/common/lib/jsr305-3.0.0.jar
7ff6789f4000-7ff6789fb000 r--s 0007d000 08:01 813530                     /usr/local/hadoop/share/hadoop/common/lib/jetty-6.1.26.jar
7ff6789fb000-7ff6789fd000 r--s 0000f000 08:01 813535                     /usr/local/hadoop/share/hadoop/common/lib/jettison-1.1.jar
7ff6789fd000-7ff678a06000 r--s 0007b000 08:01 813484                     /usr/local/hadoop/share/hadoop/common/lib/jets3t-0.9.0.jar
7ff678a06000-7ff678a27000 r--s 00172000 08:01 813518                     /usr/local/hadoop/share/hadoop/common/lib/guava-11.0.2.jar
7ff678a27000-7ff678a28000 r--s 00003000 08:01 813522                     /usr/local/hadoop/share/hadoop/common/lib/xmlenc-0.52.jar
7ff678a28000-7ff678a2b000 r--s 00016000 08:01 813532                     /usr/local/hadoop/share/hadoop/common/lib/jsp-api-2.1.jar
7ff678a2b000-7ff678a2e000 r--s 0002b000 08:01 813511                     /usr/local/hadoop/share/hadoop/common/lib/jsch-0.1.42.jar
7ff678a2e000-7ff678a34000 r--s 00036000 08:01 813514                     /usr/local/hadoop/share/hadoop/common/lib/junit-4.11.jar
7ff678a34000-7ff678a39000 r--s 0002a000 08:01 813501                     /usr/local/hadoop/share/hadoop/common/lib/gson-2.2.4.jar
7ff678a39000-7ff678a40000 r--s 00044000 08:01 813495                     /usr/local/hadoop/share/hadoop/common/lib/avro-1.7.4.jar
7ff678a40000-7ff678a41000 r--s 0000a000 08:01 813482                     /usr/local/hadoop/share/hadoop/common/lib/asm-3.2.jar
7ff678a41000-7ff678a45000 r--s 00014000 08:01 813499                     /usr/local/hadoop/share/hadoop/common/lib/xz-1.0.jar
7ff678a45000-7ff678a68000 r--s 00308000 08:01 813621                     /usr/local/hadoop/share/hadoop/hdfs/hadoop-hdfs-2.7.3-tests.jar
7ff678a68000-7ff678a6a000 r--s 0001d000 08:01 813622                     /usr/local/hadoop/share/hadoop/hdfs/hadoop-hdfs-nfs-2.7.3.jar
7ff678a6a000-7ff678ad5000 r--s 0077b000 08:01 813620                     /usr/local/hadoop/share/hadoop/hdfs/hadoop-hdfs-2.7.3.jar
7ff678ad5000-7ff678af2000 r--s 001b6000 08:01 813537                     /usr/local/hadoop/share/hadoop/common/hadoop-common-2.7.3-tests.jar
7ff678af2000-7ff678b28000 r--s 0031a000 08:01 813536                     /usr/local/hadoop/share/hadoop/common/hadoop-common-2.7.3.jar
7ff678b28000-7ff678b2c000 r--s 00029000 08:01 813538                     /usr/local/hadoop/share/hadoop/common/hadoop-nfs-2.7.3.jar
7ff678b2c000-7ff678b2e000 r--s 00008000 08:01 813781                     /usr/local/hadoop/share/hadoop/yarn/hadoop-yarn-applications-unmanaged-am-launcher-2.7.3.jar
7ff678b2e000-7ff678b33000 r--s 00031000 08:01 813775                     /usr/local/hadoop/share/hadoop/yarn/hadoop-yarn-server-applicationhistoryservice-2.7.3.jar
7ff678b33000-7ff678b34000 r--s 00010000 08:01 813780                     /usr/local/hadoop/share/hadoop/yarn/hadoop-yarn-applications-distributedshell-2.7.3.jar
7ff678b34000-7ff678b36000 r--s 00011000 08:01 813779                     /usr/local/hadoop/share/hadoop/yarn/hadoop-yarn-server-sharedcachemanager-2.7.3.jar
7ff678b36000-7ff678b4c000 r--s 00122000 08:01 813776                     /usr/local/hadoop/share/hadoop/yarn/hadoop-yarn-server-resourcemanager-2.7.3.jar
7ff678b4c000-7ff678b5a000 r--s 000a1000 08:01 813773                     /usr/local/hadoop/share/hadoop/yarn/hadoop-yarn-server-nodemanager-2.7.3.jar
7ff678b5a000-7ff678b5c000 r--s 0000d000 08:01 813774                     /usr/local/hadoop/share/hadoop/yarn/hadoop-yarn-server-web-proxy-2.7.3.jar
7ff678b5c000-7ff678b64000 r--s 00057000 08:01 813772                     /usr/local/hadoop/share/hadoop/yarn/hadoop-yarn-server-common-2.7.3.jar
7ff678b64000-7ff678b66000 r--s 0000e000 08:01 813777                     /usr/local/hadoop/share/hadoop/yarn/hadoop-yarn-server-tests-2.7.3.jar
7ff678b66000-7ff678b69000 r--s 0001b000 08:01 813782                     /usr/local/hadoop/share/hadoop/yarn/hadoop-yarn-registry-2.7.3.jar
7ff678b69000-7ff678b81000 r--s 00182000 08:01 813771                     /usr/local/hadoop/share/hadoop/yarn/hadoop-yarn-common-2.7.3.jar
7ff678b81000-7ff678b84000 r--s 00026000 08:01 813778                     /usr/local/hadoop/share/hadoop/yarn/hadoop-yarn-client-2.7.3.jar
7ff678b84000-7ff678ba1000 r--s 001d3000 08:01 813770                     /usr/local/hadoop/share/hadoop/yarn/hadoop-yarn-api-2.7.3.jar
7ff678ba1000-7ff678bb7000 r--s 00165000 08:01 1060589                    /usr/local/hadoop/share/hadoop/mapreduce/hadoop-mapreduce-client-jobclient-2.7.3-tests.jar
7ff678bb7000-7ff678bb9000 r--s 0000e000 08:01 1060586                    /usr/local/hadoop/share/hadoop/mapreduce/hadoop-mapreduce-client-jobclient-2.7.3.jar
7ff678bb9000-7ff678bbb000 r--s 00010000 08:01 1060583                    /usr/local/hadoop/share/hadoop/mapreduce/hadoop-mapreduce-client-shuffle-2.7.3.jar
7ff678bbb000-7ff678bc8000 r--s 000b0000 08:01 1060582                    /usr/local/hadoop/share/hadoop/mapreduce/hadoop-mapreduce-client-common-2.7.3.jar
7ff678bc8000-7ff678be0000 r--s 00164000 08:01 1060581                    /usr/local/hadoop/share/hadoop/mapreduce/hadoop-mapreduce-client-core-2.7.3.jar
7ff678be0000-7ff678bea000 r--s 0007a000 08:01 1060584                    /usr/local/hadoop/share/hadoop/mapreduce/hadoop-mapreduce-client-app-2.7.3.jar
7ff678bea000-7ff678bee000 r--s 0002b000 08:01 1060585                    /usr/local/hadoop/share/hadoop/mapreduce/hadoop-mapreduce-client-hs-2.7.3.jar
7ff678bee000-7ff678bf3000 r--s 00044000 08:01 1060588                    /usr/local/hadoop/share/hadoop/mapreduce/hadoop-mapreduce-examples-2.7.3.jar
7ff678bf3000-7ff678bfd000 r--s 00253000 08:01 418235                     /usr/lib/jvm/java-7-oracle/jre/lib/resources.jar
7ff678bfd000-7ff678c10000 r--s 000d6000 08:01 418167                     /usr/lib/jvm/java-7-oracle/jre/lib/plugin.jar
7ff678c10000-7ff678c14000 r--s 0008b000 08:01 418140                     /usr/lib/jvm/java-7-oracle/jre/lib/jsse.jar
7ff678c14000-7ff678ca3000 r--s 00de4000 08:01 418205                     /usr/lib/jvm/java-7-oracle/jre/lib/jfxrt.jar
7ff678ca3000-7ff678ca8000 r--s 0007e000 08:01 418165                     /usr/lib/jvm/java-7-oracle/jre/lib/jfr.jar
7ff678ca8000-7ff678cc1000 r--s 001e7000 08:01 418250                     /usr/lib/jvm/java-7-oracle/jre/lib/deploy.jar
7ff678cc1000-7ff678cc2000 ---p 00000000 00:00 0 
7ff678cc2000-7ff678dc2000 rw-p 00000000 00:00 0 
7ff678dc2000-7ff678dc5000 ---p 00000000 00:00 0 
7ff678dc5000-7ff678ec3000 rw-p 00000000 00:00 0 
7ff678ec3000-7ff678ec6000 ---p 00000000 00:00 0 
7ff678ec6000-7ff678fc4000 rw-p 00000000 00:00 0 
7ff678fc4000-7ff678fc7000 ---p 00000000 00:00 0 
7ff678fc7000-7ff6790c5000 rw-p 00000000 00:00 0 
7ff6790c5000-7ff6790c8000 ---p 00000000 00:00 0 
7ff6790c8000-7ff6791c6000 rw-p 00000000 00:00 0 
7ff6791c6000-7ff6798a8000 r--p 00000000 08:01 139772                     /usr/lib/locale/locale-archive
7ff6798a8000-7ff6798ab000 ---p 00000000 00:00 0 
7ff6798ab000-7ff6799a9000 rw-p 00000000 00:00 0 
7ff6799a9000-7ff6799ac000 ---p 00000000 00:00 0 
7ff6799ac000-7ff679aaa000 rw-p 00000000 00:00 0 
7ff679aaa000-7ff679aab000 ---p 00000000 00:00 0 
7ff679aab000-7ff67aadb000 rw-p 00000000 00:00 0 
7ff67aadb000-7ff67ac9b000 r--s 039fb000 08:01 418160                     /usr/lib/jvm/java-7-oracle/jre/lib/rt.jar
7ff67ac9b000-7ff67d000000 rw-p 00000000 00:00 0 
7ff67d000000-7ff67d270000 rwxp 00000000 00:00 0 
7ff67d270000-7ff680938000 rw-p 00000000 00:00 0 
7ff680938000-7ff684000000 ---p 00000000 00:00 0 
7ff684000000-7ff6841c8000 rw-p 00000000 00:00 0 
7ff6841c8000-7ff6841c9000 ---p 00000000 00:00 0 
7ff6841c9000-7ff6842c9000 rw-p 00000000 00:00 0 
7ff6842c9000-7ff6842ca000 ---p 00000000 00:00 0 
7ff6842ca000-7ff6843ca000 rw-p 00000000 00:00 0 
7ff6843ca000-7ff6843cb000 ---p 00000000 00:00 0 
7ff6843cb000-7ff6844cb000 rw-p 00000000 00:00 0 
7ff6844cb000-7ff6844cc000 ---p 00000000 00:00 0 
7ff6844cc000-7ff6845d7000 rw-p 00000000 00:00 0 
7ff6845d7000-7ff6845f5000 rw-p 00000000 00:00 0 
7ff6845f5000-7ff68463c000 rw-p 00000000 00:00 0 
7ff68463c000-7ff68473d000 rw-p 00000000 00:00 0 
7ff68473d000-7ff684748000 rw-p 00000000 00:00 0 
7ff684748000-7ff684766000 rw-p 00000000 00:00 0 
7ff684766000-7ff6847ad000 rw-p 00000000 00:00 0 
7ff6847ad000-7ff6848ae000 rw-p 00000000 00:00 0 
7ff6848ae000-7ff6848f2000 rw-p 00000000 00:00 0 
7ff6848f2000-7ff684952000 rw-p 00000000 00:00 0 
7ff684952000-7ff684953000 rw-p 00000000 00:00 0 
7ff684953000-7ff68496a000 r-xp 00000000 08:01 553336                     /usr/lib/jvm/java-7-oracle/jre/lib/amd64/libzip.so
7ff68496a000-7ff684b6a000 ---p 00017000 08:01 553336                     /usr/lib/jvm/java-7-oracle/jre/lib/amd64/libzip.so
7ff684b6a000-7ff684b6b000 rw-p 00017000 08:01 553336                     /usr/lib/jvm/java-7-oracle/jre/lib/amd64/libzip.so
7ff684b6b000-7ff684b75000 r-xp 00000000 08:01 666865                     /lib/x86_64-linux-gnu/libnss_files-2.19.so
7ff684b75000-7ff684d74000 ---p 0000a000 08:01 666865                     /lib/x86_64-linux-gnu/libnss_files-2.19.so
7ff684d74000-7ff684d75000 r--p 00009000 08:01 666865                     /lib/x86_64-linux-gnu/libnss_files-2.19.so
7ff684d75000-7ff684d76000 rw-p 0000a000 08:01 666865                     /lib/x86_64-linux-gnu/libnss_files-2.19.so
7ff684d76000-7ff684d81000 r-xp 00000000 08:01 666663                     /lib/x86_64-linux-gnu/libnss_nis-2.19.so
7ff684d81000-7ff684f80000 ---p 0000b000 08:01 666663                     /lib/x86_64-linux-gnu/libnss_nis-2.19.so
7ff684f80000-7ff684f81000 r--p 0000a000 08:01 666663                     /lib/x86_64-linux-gnu/libnss_nis-2.19.so
7ff684f81000-7ff684f82000 rw-p 0000b000 08:01 666663                     /lib/x86_64-linux-gnu/libnss_nis-2.19.so
7ff684f82000-7ff684f99000 r-xp 00000000 08:01 666596                     /lib/x86_64-linux-gnu/libnsl-2.19.so
7ff684f99000-7ff685198000 ---p 00017000 08:01 666596                     /lib/x86_64-linux-gnu/libnsl-2.19.so
7ff685198000-7ff685199000 r--p 00016000 08:01 666596                     /lib/x86_64-linux-gnu/libnsl-2.19.so
7ff685199000-7ff68519a000 rw-p 00017000 08:01 666596                     /lib/x86_64-linux-gnu/libnsl-2.19.so
7ff68519a000-7ff68519c000 rw-p 00000000 00:00 0 
7ff68519c000-7ff6851a5000 r-xp 00000000 08:01 666508                     /lib/x86_64-linux-gnu/libnss_compat-2.19.so
7ff6851a5000-7ff6853a4000 ---p 00009000 08:01 666508                     /lib/x86_64-linux-gnu/libnss_compat-2.19.so
7ff6853a4000-7ff6853a5000 r--p 00008000 08:01 666508                     /lib/x86_64-linux-gnu/libnss_compat-2.19.so
7ff6853a5000-7ff6853a6000 rw-p 00009000 08:01 666508                     /lib/x86_64-linux-gnu/libnss_compat-2.19.so
7ff6853a6000-7ff6853cf000 r-xp 00000000 08:01 553330                     /usr/lib/jvm/java-7-oracle/jre/lib/amd64/libjava.so
7ff6853cf000-7ff6855cf000 ---p 00029000 08:01 553330                     /usr/lib/jvm/java-7-oracle/jre/lib/amd64/libjava.so
7ff6855cf000-7ff6855d1000 rw-p 00029000 08:01 553330                     /usr/lib/jvm/java-7-oracle/jre/lib/amd64/libjava.so
7ff6855d1000-7ff6855de000 r-xp 00000000 08:01 553342                     /usr/lib/jvm/java-7-oracle/jre/lib/amd64/libverify.so
7ff6855de000-7ff6857dd000 ---p 0000d000 08:01 553342                     /usr/lib/jvm/java-7-oracle/jre/lib/amd64/libverify.so
7ff6857dd000-7ff6857df000 rw-p 0000c000 08:01 553342                     /usr/lib/jvm/java-7-oracle/jre/lib/amd64/libverify.so
7ff6857df000-7ff6857e6000 r-xp 00000000 08:01 666711                     /lib/x86_64-linux-gnu/librt-2.19.so
7ff6857e6000-7ff6859e5000 ---p 00007000 08:01 666711                     /lib/x86_64-linux-gnu/librt-2.19.so
7ff6859e5000-7ff6859e6000 r--p 00006000 08:01 666711                     /lib/x86_64-linux-gnu/librt-2.19.so
7ff6859e6000-7ff6859e7000 rw-p 00007000 08:01 666711                     /lib/x86_64-linux-gnu/librt-2.19.so
7ff6859e7000-7ff685aec000 r-xp 00000000 08:01 666453                     /lib/x86_64-linux-gnu/libm-2.19.so
7ff685aec000-7ff685ceb000 ---p 00105000 08:01 666453                     /lib/x86_64-linux-gnu/libm-2.19.so
7ff685ceb000-7ff685cec000 r--p 00104000 08:01 666453                     /lib/x86_64-linux-gnu/libm-2.19.so
7ff685cec000-7ff685ced000 rw-p 00105000 08:01 666453                     /lib/x86_64-linux-gnu/libm-2.19.so
7ff685ced000-7ff686863000 r-xp 00000000 08:01 553362                     /usr/lib/jvm/java-7-oracle/jre/lib/amd64/server/libjvm.so
7ff686863000-7ff686a62000 ---p 00b76000 08:01 553362                     /usr/lib/jvm/java-7-oracle/jre/lib/amd64/server/libjvm.so
7ff686a62000-7ff686b26000 rw-p 00b75000 08:01 553362                     /usr/lib/jvm/java-7-oracle/jre/lib/amd64/server/libjvm.so
7ff686b26000-7ff686b67000 rw-p 00000000 00:00 0 
7ff686b67000-7ff686d21000 r-xp 00000000 08:01 666762                     /lib/x86_64-linux-gnu/libc-2.19.so
7ff686d21000-7ff686f21000 ---p 001ba000 08:01 666762                     /lib/x86_64-linux-gnu/libc-2.19.so
7ff686f21000-7ff686f25000 r--p 001ba000 08:01 666762                     /lib/x86_64-linux-gnu/libc-2.19.so
7ff686f25000-7ff686f27000 rw-p 001be000 08:01 666762                     /lib/x86_64-linux-gnu/libc-2.19.so
7ff686f27000-7ff686f2c000 rw-p 00000000 00:00 0 
7ff686f2c000-7ff686f2f000 r-xp 00000000 08:01 666493                     /lib/x86_64-linux-gnu/libdl-2.19.so
7ff686f2f000-7ff68712e000 ---p 00003000 08:01 666493                     /lib/x86_64-linux-gnu/libdl-2.19.so
7ff68712e000-7ff68712f000 r--p 00002000 08:01 666493                     /lib/x86_64-linux-gnu/libdl-2.19.so
7ff68712f000-7ff687130000 rw-p 00003000 08:01 666493                     /lib/x86_64-linux-gnu/libdl-2.19.so
7ff687130000-7ff687145000 r-xp 00000000 08:01 418367                     /usr/lib/jvm/java-7-oracle/lib/amd64/jli/libjli.so
7ff687145000-7ff687344000 ---p 00015000 08:01 418367                     /usr/lib/jvm/java-7-oracle/lib/amd64/jli/libjli.so
7ff687344000-7ff687345000 rw-p 00014000 08:01 418367                     /usr/lib/jvm/java-7-oracle/lib/amd64/jli/libjli.so
7ff687345000-7ff68735e000 r-xp 00000000 08:01 666602                     /lib/x86_64-linux-gnu/libpthread-2.19.so
7ff68735e000-7ff68755d000 ---p 00019000 08:01 666602                     /lib/x86_64-linux-gnu/libpthread-2.19.so
7ff68755d000-7ff68755e000 r--p 00018000 08:01 666602                     /lib/x86_64-linux-gnu/libpthread-2.19.so
7ff68755e000-7ff68755f000 rw-p 00019000 08:01 666602                     /lib/x86_64-linux-gnu/libpthread-2.19.so
7ff68755f000-7ff687563000 rw-p 00000000 00:00 0 
7ff687563000-7ff687586000 r-xp 00000000 08:01 666638                     /lib/x86_64-linux-gnu/ld-2.19.so
7ff687586000-7ff687587000 r--s 00006000 08:01 1060587                    /usr/local/hadoop/share/hadoop/mapreduce/hadoop-mapreduce-client-hs-plugins-2.7.3.jar
7ff687587000-7ff687588000 r--s 00000000 08:01 418168                     /usr/lib/jvm/java-7-oracle/jre/lib/management-agent.jar
7ff687588000-7ff68758b000 r--s 00019000 08:01 418232                     /usr/lib/jvm/java-7-oracle/jre/lib/jce.jar
7ff68758b000-7ff687594000 r--s 00068000 08:01 418143                     /usr/lib/jvm/java-7-oracle/jre/lib/javaws.jar
7ff687594000-7ff6875b3000 rw-p 00000000 00:00 0 
7ff6875b3000-7ff687669000 rw-p 00000000 00:00 0 
7ff687669000-7ff68766c000 ---p 00000000 00:00 0 
7ff68766c000-7ff68776e000 rw-p 00000000 00:00 0 
7ff68776e000-7ff687779000 r--s 0037c000 08:01 418139                     /usr/lib/jvm/java-7-oracle/jre/lib/charsets.jar
7ff687779000-7ff687781000 rw-s 00000000 08:01 18923                      /tmp/hsperfdata_hduser/16706
7ff687781000-7ff687782000 rw-p 00000000 00:00 0 
7ff687782000-7ff687783000 ---p 00000000 00:00 0 
7ff687783000-7ff687785000 rw-p 00000000 00:00 0 
7ff687785000-7ff687786000 r--p 00022000 08:01 666638                     /lib/x86_64-linux-gnu/ld-2.19.so
7ff687786000-7ff687787000 rw-p 00023000 08:01 666638                     /lib/x86_64-linux-gnu/ld-2.19.so
7ff687787000-7ff687788000 rw-p 00000000 00:00 0 
7ffe0209a000-7ffe020bd000 rw-p 00000000 00:00 0                          [stack]
7ffe020dd000-7ffe020df000 r--p 00000000 00:00 0                          [vvar]
7ffe020df000-7ffe020e1000 r-xp 00000000 00:00 0                          [vdso]
ffffffffff600000-ffffffffff601000 r-xp 00000000 00:00 0                  [vsyscall]

VM Arguments:
jvm_args: -Didea.launcher.port=7535 -Didea.launcher.bin.path=/usr/local/idea/bin -Dfile.encoding=UTF-8 
java_command: com.intellij.rt.execution.application.AppMain com.mapreduce.WeiboRelation /home/hduser/IdeaProjects/MyTestMapreduce/input/WeiboRelation /home/hduser/IdeaProjects/MyTestMapreduce/output/WeiboRelation
Launcher Type: SUN_STANDARD

Environment Variables:
PATH=/usr/local/sbin:/usr/local/bin:/usr/sbin:/usr/bin:/sbin:/bin:/usr/games:/usr/local/games
LD_LIBRARY_PATH=/usr/local/idea/bin:
SHELL=/bin/bash
DISPLAY=:0

Signal Handlers:
SIGSEGV: [libjvm.so+0x9a3b20], sa_mask[0]=0x7ffbfeff, sa_flags=0x10000004
SIGBUS: [libjvm.so+0x9a3b20], sa_mask[0]=0x7ffbfeff, sa_flags=0x10000004
SIGFPE: [libjvm.so+0x81e740], sa_mask[0]=0x7ffbfeff, sa_flags=0x10000004
SIGPIPE: [libjvm.so+0x81e740], sa_mask[0]=0x7ffbfeff, sa_flags=0x10000004
SIGXFSZ: [libjvm.so+0x81e740], sa_mask[0]=0x7ffbfeff, sa_flags=0x10000004
SIGILL: [libjvm.so+0x81e740], sa_mask[0]=0x7ffbfeff, sa_flags=0x10000004
SIGUSR1: SIG_DFL, sa_mask[0]=0x00000000, sa_flags=0x00000000
SIGUSR2: [libjvm.so+0x81ffb0], sa_mask[0]=0x00000004, sa_flags=0x10000004
SIGHUP: [libjvm.so+0x8210d0], sa_mask[0]=0x7ffbfeff, sa_flags=0x10000004
SIGINT: [libjvm.so+0x8210d0], sa_mask[0]=0x7ffbfeff, sa_flags=0x10000004
SIGTERM: [libjvm.so+0x8210d0], sa_mask[0]=0x7ffbfeff, sa_flags=0x10000004
SIGQUIT: [libjvm.so+0x8210d0], sa_mask[0]=0x7ffbfeff, sa_flags=0x10000004


---------------  S Y S T E M  ---------------

OS:jessie/sid

uname:Linux 4.2.0-42-generic #49~14.04.1-Ubuntu SMP Wed Jun 29 20:22:11 UTC 2016 x86_64
libc:glibc 2.19 NPTL 2.19 
rlimit: STACK 8192k, CORE 0k, NPROC 15653, NOFILE 4096, AS infinity
load average:1.61 1.31 0.74

/proc/meminfo:
MemTotal:        4029460 kB
MemFree:           88184 kB
MemAvailable:      23644 kB
Buffers:             480 kB
Cached:            24936 kB
SwapCached:        49212 kB
Active:          2128188 kB
Inactive:        1443596 kB
Active(anon):    2123164 kB
Inactive(anon):  1439548 kB
Active(file):       5024 kB
Inactive(file):     4048 kB
Unevictable:          32 kB
Mlocked:              32 kB
SwapTotal:       1046524 kB
SwapFree:              0 kB
Dirty:                84 kB
Writeback:             0 kB
AnonPages:       3497640 kB
Mapped:             7468 kB
Shmem:             15896 kB
Slab:              87020 kB
SReclaimable:      30780 kB
SUnreclaim:        56240 kB
KernelStack:       18944 kB
PageTables:        41232 kB
NFS_Unstable:          0 kB
Bounce:                0 kB
WritebackTmp:          0 kB
CommitLimit:     3061252 kB
Committed_AS:    8608268 kB
VmallocTotal:   34359738367 kB
VmallocUsed:      194256 kB
VmallocChunk:   34359310332 kB
HardwareCorrupted:     0 kB
AnonHugePages:   2390016 kB
CmaTotal:              0 kB
CmaFree:               0 kB
HugePages_Total:       0
HugePages_Free:        0
HugePages_Rsvd:        0
HugePages_Surp:        0
Hugepagesize:       2048 kB
DirectMap4k:      122688 kB
DirectMap2M:     4071424 kB
DirectMap1G:     2097152 kB


CPU:total 4 (2 cores per cpu, 1 threads per core) family 6 model 61 stepping 4, cmov, cx8, fxsr, mmx, sse, sse2, sse3, ssse3, sse4.1, sse4.2, popcnt, avx, avx2, aes, erms, tsc, tscinvbit

/proc/cpuinfo:
processor	: 0
vendor_id	: GenuineIntel
cpu family	: 6
model		: 61
model name	: Intel(R) Core(TM) i5-5257U CPU @ 2.70GHz
stepping	: 4
microcode	: 0x21
cpu MHz		: 2698.672
cache size	: 3072 KB
physical id	: 0
siblings	: 2
core id		: 0
cpu cores	: 2
apicid		: 0
initial apicid	: 0
fpu		: yes
fpu_exception	: yes
cpuid level	: 20
wp		: yes
flags		: fpu vme de pse tsc msr pae mce cx8 apic sep mtrr pge mca cmov pat pse36 clflush dts mmx fxsr sse sse2 ss ht syscall nx pdpe1gb rdtscp lm constant_tsc arch_perfmon pebs bts nopl xtopology tsc_reliable nonstop_tsc aperfmperf eagerfpu pni pclmulqdq ssse3 fma cx16 pcid sse4_1 sse4_2 x2apic movbe popcnt tsc_deadline_timer aes xsave avx f16c rdrand hypervisor lahf_lm abm 3dnowprefetch ida arat epb pln pts dtherm fsgsbase tsc_adjust bmi1 avx2 smep bmi2 invpcid rdseed adx smap xsaveopt
bugs		:
bogomips	: 5397.34
clflush size	: 64
cache_alignment	: 64
address sizes	: 42 bits physical, 48 bits virtual
power management:

processor	: 1
vendor_id	: GenuineIntel
cpu family	: 6
model		: 61
model name	: Intel(R) Core(TM) i5-5257U CPU @ 2.70GHz
stepping	: 4
microcode	: 0x21
cpu MHz		: 2698.672
cache size	: 3072 KB
physical id	: 0
siblings	: 2
core id		: 1
cpu cores	: 2
apicid		: 1
initial apicid	: 1
fpu		: yes
fpu_exception	: yes
cpuid level	: 20
wp		: yes
flags		: fpu vme de pse tsc msr pae mce cx8 apic sep mtrr pge mca cmov pat pse36 clflush dts mmx fxsr sse sse2 ss ht syscall nx pdpe1gb rdtscp lm constant_tsc arch_perfmon pebs bts nopl xtopology tsc_reliable nonstop_tsc aperfmperf eagerfpu pni pclmulqdq ssse3 fma cx16 pcid sse4_1 sse4_2 x2apic movbe popcnt tsc_deadline_timer aes xsave avx f16c rdrand hypervisor lahf_lm abm 3dnowprefetch ida arat epb pln pts dtherm fsgsbase tsc_adjust bmi1 avx2 smep bmi2 invpcid rdseed adx smap xsaveopt
bugs		:
bogomips	: 5397.34
clflush size	: 64
cache_alignment	: 64
address sizes	: 42 bits physical, 48 bits virtual
power management:

processor	: 2
vendor_id	: GenuineIntel
cpu family	: 6
model		: 61
model name	: Intel(R) Core(TM) i5-5257U CPU @ 2.70GHz
stepping	: 4
microcode	: 0x21
cpu MHz		: 2698.672
cache size	: 3072 KB
physical id	: 1
siblings	: 2
core id		: 0
cpu cores	: 2
apicid		: 2
initial apicid	: 2
fpu		: yes
fpu_exception	: yes
cpuid level	: 20
wp		: yes
flags		: fpu vme de pse tsc msr pae mce cx8 apic sep mtrr pge mca cmov pat pse36 clflush dts mmx fxsr sse sse2 ss ht syscall nx pdpe1gb rdtscp lm constant_tsc arch_perfmon pebs bts nopl xtopology tsc_reliable nonstop_tsc aperfmperf eagerfpu pni pclmulqdq ssse3 fma cx16 pcid sse4_1 sse4_2 x2apic movbe popcnt tsc_deadline_timer aes xsave avx f16c rdrand hypervisor lahf_lm abm 3dnowprefetch ida arat epb pln pts dtherm fsgsbase tsc_adjust bmi1 avx2 smep bmi2 invpcid rdseed adx smap xsaveopt
bugs		:
bogomips	: 5397.34
clflush size	: 64
cache_alignment	: 64
address sizes	: 42 bits physical, 48 bits virtual
power management:

processor	: 3
vendor_id	: GenuineIntel
cpu family	: 6
model		: 61
model name	: Intel(R) Core(TM) i5-5257U CPU @ 2.70GHz
stepping	: 4
microcode	: 0x21
cpu MHz		: 2698.672
cache size	: 3072 KB
physical id	: 1
siblings	: 2
core id		: 1
cpu cores	: 2
apicid		: 3
initial apicid	: 3
fpu		: yes
fpu_exception	: yes
cpuid level	: 20
wp		: yes
flags		: fpu vme de pse tsc msr pae mce cx8 apic sep mtrr pge mca cmov pat pse36 clflush dts mmx fxsr sse sse2 ss ht syscall nx pdpe1gb rdtscp lm constant_tsc arch_perfmon pebs bts nopl xtopology tsc_reliable nonstop_tsc aperfmperf eagerfpu pni pclmulqdq ssse3 fma cx16 pcid sse4_1 sse4_2 x2apic movbe popcnt tsc_deadline_timer aes xsave avx f16c rdrand hypervisor lahf_lm abm 3dnowprefetch ida arat epb pln pts dtherm fsgsbase tsc_adjust bmi1 avx2 smep bmi2 invpcid rdseed adx smap xsaveopt
bugs		:
bogomips	: 5397.34
clflush size	: 64
cache_alignment	: 64
address sizes	: 42 bits physical, 48 bits virtual
power management:



Memory: 4k page, physical 4029460k(88480k free), swap 1046524k(0k free)

vm_info: Java HotSpot(TM) 64-Bit Server VM (24.80-b11) for linux-amd64 JRE (1.7.0_80-b15), built on Apr 10 2015 19:53:14 by "java_re" with gcc 4.3.0 20080428 (Red Hat 4.3.0-8)

time: Sun Mar 26 00:38:38 2017
elapsed time: 4 seconds

